<?xml version="1.0" encoding="UTF-8"?>
<testsuite name="com.hadoyaji.movereservation.springboot.domain.ReservationRepositoryTest" tests="2" skipped="0" failures="0" errors="0" timestamp="2021-06-17T16:10:13" hostname="DESKTOP-HN3UIKG" time="0.511">
  <properties/>
  <testcase name="예약정보_가져오기" classname="com.hadoyaji.movereservation.springboot.domain.ReservationRepositoryTest" time="0.484"/>
  <testcase name="BaseTimeEntity_등록" classname="com.hadoyaji.movereservation.springboot.domain.ReservationRepositoryTest" time="0.026"/>
  <system-out><![CDATA[01:10:03.052 [Test worker] DEBUG org.springframework.test.context.junit4.SpringJUnit4ClassRunner - SpringJUnit4ClassRunner constructor called with [class com.hadoyaji.movereservation.springboot.domain.ReservationRepositoryTest]
01:10:03.063 [Test worker] DEBUG org.springframework.test.context.BootstrapUtils - Instantiating CacheAwareContextLoaderDelegate from class [org.springframework.test.context.cache.DefaultCacheAwareContextLoaderDelegate]
01:10:03.077 [Test worker] DEBUG org.springframework.test.context.BootstrapUtils - Instantiating BootstrapContext using constructor [public org.springframework.test.context.support.DefaultBootstrapContext(java.lang.Class,org.springframework.test.context.CacheAwareContextLoaderDelegate)]
01:10:03.105 [Test worker] DEBUG org.springframework.test.context.BootstrapUtils - Instantiating TestContextBootstrapper for test class [com.hadoyaji.movereservation.springboot.domain.ReservationRepositoryTest] from class [org.springframework.boot.test.context.SpringBootTestContextBootstrapper]
01:10:03.130 [Test worker] INFO org.springframework.boot.test.context.SpringBootTestContextBootstrapper - Neither @ContextConfiguration nor @ContextHierarchy found for test class [com.hadoyaji.movereservation.springboot.domain.ReservationRepositoryTest], using SpringBootContextLoader
01:10:03.135 [Test worker] DEBUG org.springframework.test.context.support.AbstractContextLoader - Did not detect default resource location for test class [com.hadoyaji.movereservation.springboot.domain.ReservationRepositoryTest]: class path resource [com/hadoyaji/movereservation/springboot/domain/ReservationRepositoryTest-context.xml] does not exist
01:10:03.136 [Test worker] DEBUG org.springframework.test.context.support.AbstractContextLoader - Did not detect default resource location for test class [com.hadoyaji.movereservation.springboot.domain.ReservationRepositoryTest]: class path resource [com/hadoyaji/movereservation/springboot/domain/ReservationRepositoryTestContext.groovy] does not exist
01:10:03.136 [Test worker] INFO org.springframework.test.context.support.AbstractContextLoader - Could not detect default resource locations for test class [com.hadoyaji.movereservation.springboot.domain.ReservationRepositoryTest]: no resource found for suffixes {-context.xml, Context.groovy}.
01:10:03.137 [Test worker] INFO org.springframework.test.context.support.AnnotationConfigContextLoaderUtils - Could not detect default configuration classes for test class [com.hadoyaji.movereservation.springboot.domain.ReservationRepositoryTest]: ReservationRepositoryTest does not declare any static, non-private, non-final, nested classes annotated with @Configuration.
01:10:03.198 [Test worker] DEBUG org.springframework.test.context.support.ActiveProfilesUtils - Could not find an 'annotation declaring class' for annotation type [org.springframework.test.context.ActiveProfiles] and class [com.hadoyaji.movereservation.springboot.domain.ReservationRepositoryTest]
01:10:03.294 [Test worker] DEBUG org.springframework.context.annotation.ClassPathScanningCandidateComponentProvider - Identified candidate component class: file [C:\move-reservation-webservice\build\classes\java\main\com\hadoyaji\movereservation\springboot\Application.class]
01:10:03.295 [Test worker] INFO org.springframework.boot.test.context.SpringBootTestContextBootstrapper - Found @SpringBootConfiguration com.hadoyaji.movereservation.springboot.Application for test class com.hadoyaji.movereservation.springboot.domain.ReservationRepositoryTest
01:10:03.444 [Test worker] DEBUG org.springframework.boot.test.context.SpringBootTestContextBootstrapper - @TestExecutionListeners is not present for class [com.hadoyaji.movereservation.springboot.domain.ReservationRepositoryTest]: using defaults.
01:10:03.445 [Test worker] INFO org.springframework.boot.test.context.SpringBootTestContextBootstrapper - Loaded default TestExecutionListener class names from location [META-INF/spring.factories]: [org.springframework.boot.test.autoconfigure.restdocs.RestDocsTestExecutionListener, org.springframework.boot.test.autoconfigure.web.client.MockRestServiceServerResetTestExecutionListener, org.springframework.boot.test.autoconfigure.web.servlet.MockMvcPrintOnlyOnFailureTestExecutionListener, org.springframework.boot.test.autoconfigure.web.servlet.WebDriverTestExecutionListener, org.springframework.boot.test.mock.mockito.MockitoTestExecutionListener, org.springframework.boot.test.mock.mockito.ResetMocksTestExecutionListener, org.springframework.test.context.web.ServletTestExecutionListener, org.springframework.test.context.support.DirtiesContextBeforeModesTestExecutionListener, org.springframework.test.context.support.DependencyInjectionTestExecutionListener, org.springframework.test.context.support.DirtiesContextTestExecutionListener, org.springframework.test.context.transaction.TransactionalTestExecutionListener, org.springframework.test.context.jdbc.SqlScriptsTestExecutionListener]
01:10:03.472 [Test worker] INFO org.springframework.boot.test.context.SpringBootTestContextBootstrapper - Using TestExecutionListeners: [org.springframework.test.context.web.ServletTestExecutionListener@1bf6ccc, org.springframework.test.context.support.DirtiesContextBeforeModesTestExecutionListener@1f5f8a7, org.springframework.boot.test.mock.mockito.MockitoTestExecutionListener@181737d, org.springframework.boot.test.autoconfigure.SpringBootDependencyInjectionTestExecutionListener@58bc0, org.springframework.test.context.support.DirtiesContextTestExecutionListener@925c40, org.springframework.test.context.transaction.TransactionalTestExecutionListener@80a7b5, org.springframework.test.context.jdbc.SqlScriptsTestExecutionListener@822983, org.springframework.boot.test.autoconfigure.restdocs.RestDocsTestExecutionListener@e7f518, org.springframework.boot.test.autoconfigure.web.client.MockRestServiceServerResetTestExecutionListener@59d218, org.springframework.boot.test.autoconfigure.web.servlet.MockMvcPrintOnlyOnFailureTestExecutionListener@19f7269, org.springframework.boot.test.autoconfigure.web.servlet.WebDriverTestExecutionListener@269068, org.springframework.boot.test.mock.mockito.ResetMocksTestExecutionListener@10ef901]
01:10:03.474 [Test worker] DEBUG org.springframework.test.annotation.ProfileValueUtils - Retrieved @ProfileValueSourceConfiguration [null] for test class [com.hadoyaji.movereservation.springboot.domain.ReservationRepositoryTest]
01:10:03.475 [Test worker] DEBUG org.springframework.test.annotation.ProfileValueUtils - Retrieved ProfileValueSource type [class org.springframework.test.annotation.SystemProfileValueSource] for class [com.hadoyaji.movereservation.springboot.domain.ReservationRepositoryTest]
01:10:03.476 [Test worker] DEBUG org.springframework.test.annotation.ProfileValueUtils - Retrieved @ProfileValueSourceConfiguration [null] for test class [com.hadoyaji.movereservation.springboot.domain.ReservationRepositoryTest]
01:10:03.476 [Test worker] DEBUG org.springframework.test.annotation.ProfileValueUtils - Retrieved ProfileValueSource type [class org.springframework.test.annotation.SystemProfileValueSource] for class [com.hadoyaji.movereservation.springboot.domain.ReservationRepositoryTest]
01:10:03.479 [Test worker] DEBUG org.springframework.test.annotation.ProfileValueUtils - Retrieved @ProfileValueSourceConfiguration [null] for test class [com.hadoyaji.movereservation.springboot.domain.ReservationRepositoryTest]
01:10:03.480 [Test worker] DEBUG org.springframework.test.annotation.ProfileValueUtils - Retrieved ProfileValueSource type [class org.springframework.test.annotation.SystemProfileValueSource] for class [com.hadoyaji.movereservation.springboot.domain.ReservationRepositoryTest]
01:10:03.482 [Test worker] DEBUG org.springframework.test.annotation.ProfileValueUtils - Retrieved @ProfileValueSourceConfiguration [null] for test class [com.hadoyaji.movereservation.springboot.domain.ReservationRepositoryTest]
01:10:03.482 [Test worker] DEBUG org.springframework.test.annotation.ProfileValueUtils - Retrieved ProfileValueSource type [class org.springframework.test.annotation.SystemProfileValueSource] for class [com.hadoyaji.movereservation.springboot.domain.ReservationRepositoryTest]
01:10:03.499 [Test worker] DEBUG org.springframework.test.context.support.AbstractDirtiesContextTestExecutionListener - Before test class: context [DefaultTestContext@10a25d5 testClass = ReservationRepositoryTest, testInstance = [null], testMethod = [null], testException = [null], mergedContextConfiguration = [WebMergedContextConfiguration@15ee516 testClass = ReservationRepositoryTest, locations = '{}', classes = '{class com.hadoyaji.movereservation.springboot.Application}', contextInitializerClasses = '[]', activeProfiles = '{}', propertySourceLocations = '{}', propertySourceProperties = '{org.springframework.boot.test.context.SpringBootTestContextBootstrapper=true}', contextCustomizers = set[org.springframework.boot.test.autoconfigure.properties.PropertyMappingContextCustomizer@0, org.springframework.boot.test.autoconfigure.web.servlet.WebDriverContextCustomizerFactory$Customizer@f1571d, org.springframework.boot.test.context.filter.ExcludeFilterContextCustomizer@bbab98, org.springframework.boot.test.json.DuplicateJsonObjectContextCustomizerFactory$DuplicateJsonObjectContextCustomizer@17cbb86, org.springframework.boot.test.mock.mockito.MockitoContextCustomizer@0, org.springframework.boot.test.web.client.TestRestTemplateContextCustomizer@47d267], resourceBasePath = 'src/main/webapp', contextLoader = 'org.springframework.boot.test.context.SpringBootContextLoader', parent = [null]], attributes = map['org.springframework.test.context.web.ServletTestExecutionListener.activateListener' -> true]], class annotated with @DirtiesContext [false] with mode [null].
01:10:03.500 [Test worker] DEBUG org.springframework.test.annotation.ProfileValueUtils - Retrieved @ProfileValueSourceConfiguration [null] for test class [com.hadoyaji.movereservation.springboot.domain.ReservationRepositoryTest]
01:10:03.500 [Test worker] DEBUG org.springframework.test.annotation.ProfileValueUtils - Retrieved ProfileValueSource type [class org.springframework.test.annotation.SystemProfileValueSource] for class [com.hadoyaji.movereservation.springboot.domain.ReservationRepositoryTest]
01:10:03.534 [Test worker] DEBUG org.springframework.test.context.support.TestPropertySourceUtils - Adding inlined properties to environment: {spring.jmx.enabled=false, org.springframework.boot.test.context.SpringBootTestContextBootstrapper=true, server.port=-1}

  .   ____          _            __ _ _
 /\\ / ___'_ __ _ _(_)_ __  __ _ \ \ \ \
( ( )\___ | '_ | '_| | '_ \/ _` | \ \ \ \
 \\/  ___)| |_)| | | | | || (_| |  ) ) ) )
  '  |____| .__|_| |_|_| |_\__, | / / / /
 =========|_|==============|___/=/_/_/_/
 :: Spring Boot ::        (v2.1.7.RELEASE)

2021-06-18 01:10:04.061  INFO 114248 --- [    Test worker] c.h.m.s.d.ReservationRepositoryTest      : Starting ReservationRepositoryTest on DESKTOP-HN3UIKG with PID 114248 (started by hagyu in C:\move-reservation-webservice)
2021-06-18 01:10:04.062  INFO 114248 --- [    Test worker] c.h.m.s.d.ReservationRepositoryTest      : No active profile set, falling back to default profiles: default
2021-06-18 01:10:05.297  INFO 114248 --- [    Test worker] .s.d.r.c.RepositoryConfigurationDelegate : Bootstrapping Spring Data repositories in DEFAULT mode.
2021-06-18 01:10:05.434  INFO 114248 --- [    Test worker] .s.d.r.c.RepositoryConfigurationDelegate : Finished Spring Data repository scanning in 121ms. Found 3 repository interfaces.
2021-06-18 01:10:06.054  INFO 114248 --- [    Test worker] trationDelegate$BeanPostProcessorChecker : Bean 'org.springframework.transaction.annotation.ProxyTransactionManagementConfiguration' of type [org.springframework.transaction.annotation.ProxyTransactionManagementConfiguration$$EnhancerBySpringCGLIB$$ea8c61f4] is not eligible for getting processed by all BeanPostProcessors (for example: not eligible for auto-proxying)
2021-06-18 01:10:06.521  INFO 114248 --- [    Test worker] o.hibernate.jpa.internal.util.LogHelper  : HHH000204: Processing PersistenceUnitInfo [
	name: default
	...]
2021-06-18 01:10:06.696  INFO 114248 --- [    Test worker] org.hibernate.Version                    : HHH000412: Hibernate Core {5.3.10.Final}
2021-06-18 01:10:06.700  INFO 114248 --- [    Test worker] org.hibernate.cfg.Environment            : HHH000206: hibernate.properties not found
2021-06-18 01:10:07.166  INFO 114248 --- [    Test worker] o.hibernate.annotations.common.Version   : HCANN000001: Hibernate Commons Annotations {5.0.4.Final}
2021-06-18 01:10:07.514  INFO 114248 --- [    Test worker] com.zaxxer.hikari.HikariDataSource       : HikariPool-1 - Starting...
2021-06-18 01:10:09.540  INFO 114248 --- [    Test worker] com.zaxxer.hikari.HikariDataSource       : HikariPool-1 - Start completed.
2021-06-18 01:10:09.566  INFO 114248 --- [    Test worker] org.hibernate.dialect.Dialect            : HHH000400: Using dialect: org.hibernate.dialect.MySQL5InnoDBDialect
2021-06-18 01:10:11.211  INFO 114248 --- [    Test worker] j.LocalContainerEntityManagerFactoryBean : Initialized JPA EntityManagerFactory for persistence unit 'default'
2021-06-18 01:10:11.684  INFO 114248 --- [    Test worker] o.h.h.i.QueryTranslatorFactoryInitiator  : HHH000397: Using ASTQueryTranslatorFactory
2021-06-18 01:10:12.789  INFO 114248 --- [    Test worker] o.s.s.concurrent.ThreadPoolTaskExecutor  : Initializing ExecutorService 'applicationTaskExecutor'
2021-06-18 01:10:12.867  WARN 114248 --- [    Test worker] aWebConfiguration$JpaWebMvcConfiguration : spring.jpa.open-in-view is enabled by default. Therefore, database queries may be performed during view rendering. Explicitly configure spring.jpa.open-in-view to disable this warning
2021-06-18 01:10:12.933  INFO 114248 --- [    Test worker] o.s.b.a.w.s.WelcomePageHandlerMapping    : Adding welcome page template: index
2021-06-18 01:10:13.648  INFO 114248 --- [    Test worker] c.h.m.s.d.ReservationRepositoryTest      : Started ReservationRepositoryTest in 10.101 seconds (JVM running for 12.999)
Hibernate: insert into reservations (created_date, modified_date, apart_id, cancel_reason, move_date, reservation_yn, user_id) values (?, ?, ?, ?, ?, ?, ?)
Hibernate: select reservatio0_.id as id1_1_, reservatio0_.created_date as created_2_1_, reservatio0_.modified_date as modified3_1_, reservatio0_.apart_id as apart_id7_1_, reservatio0_.cancel_reason as cancel_r4_1_, reservatio0_.move_date as move_dat5_1_, reservatio0_.reservation_yn as reservat6_1_, reservatio0_.user_id as user_id8_1_ from reservations reservatio0_
Hibernate: select reservatio0_.id as id1_1_, reservatio0_.created_date as created_2_1_, reservatio0_.modified_date as modified3_1_, reservatio0_.apart_id as apart_id7_1_, reservatio0_.cancel_reason as cancel_r4_1_, reservatio0_.move_date as move_dat5_1_, reservatio0_.reservation_yn as reservat6_1_, reservatio0_.user_id as user_id8_1_ from reservations reservatio0_
Hibernate: delete from reservations where id=?
Hibernate: insert into reservations (created_date, modified_date, apart_id, cancel_reason, move_date, reservation_yn, user_id) values (?, ?, ?, ?, ?, ?, ?)
Hibernate: select reservatio0_.id as id1_1_, reservatio0_.created_date as created_2_1_, reservatio0_.modified_date as modified3_1_, reservatio0_.apart_id as apart_id7_1_, reservatio0_.cancel_reason as cancel_r4_1_, reservatio0_.move_date as move_dat5_1_, reservatio0_.reservation_yn as reservat6_1_, reservatio0_.user_id as user_id8_1_ from reservations reservatio0_
Hibernate: select reservatio0_.id as id1_1_, reservatio0_.created_date as created_2_1_, reservatio0_.modified_date as modified3_1_, reservatio0_.apart_id as apart_id7_1_, reservatio0_.cancel_reason as cancel_r4_1_, reservatio0_.move_date as move_dat5_1_, reservatio0_.reservation_yn as reservat6_1_, reservatio0_.user_id as user_id8_1_ from reservations reservatio0_
Hibernate: delete from reservations where id=?
]]></system-out>
  <system-err><![CDATA[]]></system-err>
</testsuite>
