<?xml version="1.0" encoding="UTF-8"?>
<testsuite name="com.hadoyaji.movereservation.springboot.domain.ReservationRepositoryTest" tests="2" skipped="0" failures="0" errors="0" timestamp="2021-06-21T08:03:46" hostname="DESKTOP-HN3UIKG" time="0.039">
  <properties/>
  <testcase name="예약정보_가져오기" classname="com.hadoyaji.movereservation.springboot.domain.ReservationRepositoryTest" time="0.023"/>
  <testcase name="BaseTimeEntity_등록" classname="com.hadoyaji.movereservation.springboot.domain.ReservationRepositoryTest" time="0.015"/>
  <system-out><![CDATA[2021-06-21 17:03:46.796  INFO 182888 --- [    Test worker] .b.t.c.SpringBootTestContextBootstrapper : Neither @ContextConfiguration nor @ContextHierarchy found for test class [com.hadoyaji.movereservation.springboot.domain.ReservationRepositoryTest], using SpringBootContextLoader
2021-06-21 17:03:46.798  INFO 182888 --- [    Test worker] o.s.t.c.support.AbstractContextLoader    : Could not detect default resource locations for test class [com.hadoyaji.movereservation.springboot.domain.ReservationRepositoryTest]: no resource found for suffixes {-context.xml, Context.groovy}.
2021-06-21 17:03:46.799  INFO 182888 --- [    Test worker] t.c.s.AnnotationConfigContextLoaderUtils : Could not detect default configuration classes for test class [com.hadoyaji.movereservation.springboot.domain.ReservationRepositoryTest]: ReservationRepositoryTest does not declare any static, non-private, non-final, nested classes annotated with @Configuration.
2021-06-21 17:03:46.802  INFO 182888 --- [    Test worker] .b.t.c.SpringBootTestContextBootstrapper : Found @SpringBootConfiguration com.hadoyaji.movereservation.springboot.Application for test class com.hadoyaji.movereservation.springboot.domain.ReservationRepositoryTest
2021-06-21 17:03:46.805  INFO 182888 --- [    Test worker] .b.t.c.SpringBootTestContextBootstrapper : Loaded default TestExecutionListener class names from location [META-INF/spring.factories]: [org.springframework.security.test.context.support.WithSecurityContextTestExecutionListener, org.springframework.security.test.context.support.ReactorContextTestExecutionListener, org.springframework.boot.test.autoconfigure.restdocs.RestDocsTestExecutionListener, org.springframework.boot.test.autoconfigure.web.client.MockRestServiceServerResetTestExecutionListener, org.springframework.boot.test.autoconfigure.web.servlet.MockMvcPrintOnlyOnFailureTestExecutionListener, org.springframework.boot.test.autoconfigure.web.servlet.WebDriverTestExecutionListener, org.springframework.boot.test.mock.mockito.MockitoTestExecutionListener, org.springframework.boot.test.mock.mockito.ResetMocksTestExecutionListener, org.springframework.test.context.web.ServletTestExecutionListener, org.springframework.test.context.support.DirtiesContextBeforeModesTestExecutionListener, org.springframework.test.context.support.DependencyInjectionTestExecutionListener, org.springframework.test.context.support.DirtiesContextTestExecutionListener, org.springframework.test.context.transaction.TransactionalTestExecutionListener, org.springframework.test.context.jdbc.SqlScriptsTestExecutionListener]
2021-06-21 17:03:46.807  INFO 182888 --- [    Test worker] .b.t.c.SpringBootTestContextBootstrapper : Using TestExecutionListeners: [org.springframework.test.context.web.ServletTestExecutionListener@e9eb34, org.springframework.test.context.support.DirtiesContextBeforeModesTestExecutionListener@1e709f3, org.springframework.boot.test.mock.mockito.MockitoTestExecutionListener@3115ce, org.springframework.boot.test.autoconfigure.SpringBootDependencyInjectionTestExecutionListener@1da7de0, org.springframework.test.context.support.DirtiesContextTestExecutionListener@199ca4, org.springframework.test.context.transaction.TransactionalTestExecutionListener@194b185, org.springframework.test.context.jdbc.SqlScriptsTestExecutionListener@1bf5bdc, org.springframework.security.test.context.support.WithSecurityContextTestExecutionListener@1881536, org.springframework.security.test.context.support.ReactorContextTestExecutionListener@11a531f, org.springframework.boot.test.autoconfigure.restdocs.RestDocsTestExecutionListener@120d9e0, org.springframework.boot.test.autoconfigure.web.client.MockRestServiceServerResetTestExecutionListener@880c23, org.springframework.boot.test.autoconfigure.web.servlet.MockMvcPrintOnlyOnFailureTestExecutionListener@1d89e21, org.springframework.boot.test.autoconfigure.web.servlet.WebDriverTestExecutionListener@d7af2e, org.springframework.boot.test.mock.mockito.ResetMocksTestExecutionListener@143900d]
Hibernate: insert into reservations (created_date, modified_date, apart_id, cancel_reason, move_date, reservation_yn, user_id) values (?, ?, ?, ?, ?, ?, ?)
Hibernate: select reservatio0_.id as id1_1_, reservatio0_.created_date as created_2_1_, reservatio0_.modified_date as modified3_1_, reservatio0_.apart_id as apart_id7_1_, reservatio0_.cancel_reason as cancel_r4_1_, reservatio0_.move_date as move_dat5_1_, reservatio0_.reservation_yn as reservat6_1_, reservatio0_.user_id as user_id8_1_ from reservations reservatio0_
Hibernate: select reservatio0_.id as id1_1_, reservatio0_.created_date as created_2_1_, reservatio0_.modified_date as modified3_1_, reservatio0_.apart_id as apart_id7_1_, reservatio0_.cancel_reason as cancel_r4_1_, reservatio0_.move_date as move_dat5_1_, reservatio0_.reservation_yn as reservat6_1_, reservatio0_.user_id as user_id8_1_ from reservations reservatio0_
Hibernate: delete from reservations where id=?
Hibernate: insert into reservations (created_date, modified_date, apart_id, cancel_reason, move_date, reservation_yn, user_id) values (?, ?, ?, ?, ?, ?, ?)
Hibernate: select reservatio0_.id as id1_1_, reservatio0_.created_date as created_2_1_, reservatio0_.modified_date as modified3_1_, reservatio0_.apart_id as apart_id7_1_, reservatio0_.cancel_reason as cancel_r4_1_, reservatio0_.move_date as move_dat5_1_, reservatio0_.reservation_yn as reservat6_1_, reservatio0_.user_id as user_id8_1_ from reservations reservatio0_
Hibernate: select reservatio0_.id as id1_1_, reservatio0_.created_date as created_2_1_, reservatio0_.modified_date as modified3_1_, reservatio0_.apart_id as apart_id7_1_, reservatio0_.cancel_reason as cancel_r4_1_, reservatio0_.move_date as move_dat5_1_, reservatio0_.reservation_yn as reservat6_1_, reservatio0_.user_id as user_id8_1_ from reservations reservatio0_
Hibernate: delete from reservations where id=?
]]></system-out>
  <system-err><![CDATA[]]></system-err>
</testsuite>
