<?xml version="1.0" encoding="UTF-8"?>
<testsuite name="com.hadoyaji.movereservation.springboot.domain.ApartsRepositoryTest" tests="1" skipped="0" failures="0" errors="0" timestamp="2021-06-21T08:03:46" hostname="DESKTOP-HN3UIKG" time="0.067">
  <properties/>
  <testcase name="아파트정보_가져오기" classname="com.hadoyaji.movereservation.springboot.domain.ApartsRepositoryTest" time="0.067"/>
  <system-out><![CDATA[2021-06-21 17:03:42.738  INFO 182888 --- [    Test worker] .b.t.c.SpringBootTestContextBootstrapper : Neither @ContextConfiguration nor @ContextHierarchy found for test class [com.hadoyaji.movereservation.springboot.domain.ApartsRepositoryTest], using SpringBootContextLoader
2021-06-21 17:03:42.740  INFO 182888 --- [    Test worker] o.s.t.c.support.AbstractContextLoader    : Could not detect default resource locations for test class [com.hadoyaji.movereservation.springboot.domain.ApartsRepositoryTest]: no resource found for suffixes {-context.xml, Context.groovy}.
2021-06-21 17:03:42.740  INFO 182888 --- [    Test worker] t.c.s.AnnotationConfigContextLoaderUtils : Could not detect default configuration classes for test class [com.hadoyaji.movereservation.springboot.domain.ApartsRepositoryTest]: ApartsRepositoryTest does not declare any static, non-private, non-final, nested classes annotated with @Configuration.
2021-06-21 17:03:42.754  INFO 182888 --- [    Test worker] .b.t.c.SpringBootTestContextBootstrapper : Found @SpringBootConfiguration com.hadoyaji.movereservation.springboot.Application for test class com.hadoyaji.movereservation.springboot.domain.ApartsRepositoryTest
2021-06-21 17:03:42.756  INFO 182888 --- [    Test worker] .b.t.c.SpringBootTestContextBootstrapper : Loaded default TestExecutionListener class names from location [META-INF/spring.factories]: [org.springframework.security.test.context.support.WithSecurityContextTestExecutionListener, org.springframework.security.test.context.support.ReactorContextTestExecutionListener, org.springframework.boot.test.autoconfigure.restdocs.RestDocsTestExecutionListener, org.springframework.boot.test.autoconfigure.web.client.MockRestServiceServerResetTestExecutionListener, org.springframework.boot.test.autoconfigure.web.servlet.MockMvcPrintOnlyOnFailureTestExecutionListener, org.springframework.boot.test.autoconfigure.web.servlet.WebDriverTestExecutionListener, org.springframework.boot.test.mock.mockito.MockitoTestExecutionListener, org.springframework.boot.test.mock.mockito.ResetMocksTestExecutionListener, org.springframework.test.context.web.ServletTestExecutionListener, org.springframework.test.context.support.DirtiesContextBeforeModesTestExecutionListener, org.springframework.test.context.support.DependencyInjectionTestExecutionListener, org.springframework.test.context.support.DirtiesContextTestExecutionListener, org.springframework.test.context.transaction.TransactionalTestExecutionListener, org.springframework.test.context.jdbc.SqlScriptsTestExecutionListener]
2021-06-21 17:03:42.758  INFO 182888 --- [    Test worker] .b.t.c.SpringBootTestContextBootstrapper : Using TestExecutionListeners: [org.springframework.test.context.web.ServletTestExecutionListener@445295, org.springframework.test.context.support.DirtiesContextBeforeModesTestExecutionListener@ae744c, org.springframework.boot.test.mock.mockito.MockitoTestExecutionListener@ebd358, org.springframework.boot.test.autoconfigure.SpringBootDependencyInjectionTestExecutionListener@1fe363e, org.springframework.test.context.support.DirtiesContextTestExecutionListener@1bc0fee, org.springframework.test.context.transaction.TransactionalTestExecutionListener@9d1641, org.springframework.test.context.jdbc.SqlScriptsTestExecutionListener@907059, org.springframework.security.test.context.support.WithSecurityContextTestExecutionListener@b3f273, org.springframework.security.test.context.support.ReactorContextTestExecutionListener@19f48b4, org.springframework.boot.test.autoconfigure.restdocs.RestDocsTestExecutionListener@17a6258, org.springframework.boot.test.autoconfigure.web.client.MockRestServiceServerResetTestExecutionListener@b5ca56, org.springframework.boot.test.autoconfigure.web.servlet.MockMvcPrintOnlyOnFailureTestExecutionListener@1389919, org.springframework.boot.test.autoconfigure.web.servlet.WebDriverTestExecutionListener@c5a7a2, org.springframework.boot.test.mock.mockito.ResetMocksTestExecutionListener@696540]

  .   ____          _            __ _ _
 /\\ / ___'_ __ _ _(_)_ __  __ _ \ \ \ \
( ( )\___ | '_ | '_| | '_ \/ _` | \ \ \ \
 \\/  ___)| |_)| | | | | || (_| |  ) ) ) )
  '  |____| .__|_| |_|_| |_\__, | / / / /
 =========|_|==============|___/=/_/_/_/
 :: Spring Boot ::        (v2.1.7.RELEASE)

2021-06-21 17:03:42.825  INFO 182888 --- [    Test worker] c.h.m.s.domain.ApartsRepositoryTest      : Starting ApartsRepositoryTest on DESKTOP-HN3UIKG with PID 182888 (started by hagyu in C:\move-reservation-webservice)
2021-06-21 17:03:42.825  INFO 182888 --- [    Test worker] c.h.m.s.domain.ApartsRepositoryTest      : No active profile set, falling back to default profiles: default
2021-06-21 17:03:43.663  INFO 182888 --- [    Test worker] .s.d.r.c.RepositoryConfigurationDelegate : Bootstrapping Spring Data repositories in DEFAULT mode.
2021-06-21 17:03:43.712  INFO 182888 --- [    Test worker] .s.d.r.c.RepositoryConfigurationDelegate : Finished Spring Data repository scanning in 48ms. Found 3 repository interfaces.
2021-06-21 17:03:43.982  INFO 182888 --- [    Test worker] trationDelegate$BeanPostProcessorChecker : Bean 'org.springframework.transaction.annotation.ProxyTransactionManagementConfiguration' of type [org.springframework.transaction.annotation.ProxyTransactionManagementConfiguration$$EnhancerBySpringCGLIB$$f423fa48] is not eligible for getting processed by all BeanPostProcessors (for example: not eligible for auto-proxying)
2021-06-21 17:03:44.152  INFO 182888 --- [    Test worker] com.zaxxer.hikari.HikariDataSource       : HikariPool-2 - Starting...
2021-06-21 17:03:44.153  INFO 182888 --- [    Test worker] com.zaxxer.hikari.HikariDataSource       : HikariPool-2 - Start completed.
2021-06-21 17:03:44.211  INFO 182888 --- [    Test worker] o.hibernate.jpa.internal.util.LogHelper  : HHH000204: Processing PersistenceUnitInfo [
	name: default
	...]
2021-06-21 17:03:44.229  INFO 182888 --- [    Test worker] org.hibernate.dialect.Dialect            : HHH000400: Using dialect: org.hibernate.dialect.MySQL5InnoDBDialect
Hibernate: alter table reservations drop foreign key FK15mrv8qorutq6o808fqvbwcti
Hibernate: alter table reservations drop foreign key FKt0fnqb20ygbx0e030kdjlm28s
Hibernate: alter table user drop foreign key FKckhgsg4qwf4lsdf9tr5fm43gt
Hibernate: drop table if exists aparts
Hibernate: drop table if exists reservations
Hibernate: drop table if exists user
Hibernate: create table aparts (id bigint not null, created_date datetime, modified_date datetime, dong varchar(4) not null, ho varchar(4) not null, primary key (id)) engine=InnoDB
Hibernate: create table reservations (id bigint not null auto_increment, created_date datetime, modified_date datetime, cancel_reason varchar(255), move_date datetime not null, reservation_yn varchar(255) not null, apart_id bigint, user_id bigint, primary key (id)) engine=InnoDB
Hibernate: create table user (id bigint not null auto_increment, created_date datetime, modified_date datetime, email varchar(255) not null, hp_number varchar(255) not null, name varchar(255) not null, picture varchar(255), role varchar(255) not null, apart_id bigint, primary key (id)) engine=InnoDB
Hibernate: alter table reservations add constraint FK15mrv8qorutq6o808fqvbwcti foreign key (apart_id) references aparts (id)
Hibernate: alter table reservations add constraint FKt0fnqb20ygbx0e030kdjlm28s foreign key (user_id) references user (id)
Hibernate: alter table user add constraint FKckhgsg4qwf4lsdf9tr5fm43gt foreign key (apart_id) references aparts (id)
2021-06-21 17:03:44.330  INFO 182888 --- [    Test worker] o.h.t.schema.internal.SchemaCreatorImpl  : HHH000476: Executing import script 'org.hibernate.tool.schema.internal.exec.ScriptSourceInputNonExistentImpl@14dd2bf'
2021-06-21 17:03:44.331  INFO 182888 --- [    Test worker] j.LocalContainerEntityManagerFactoryBean : Initialized JPA EntityManagerFactory for persistence unit 'default'
2021-06-21 17:03:44.614  INFO 182888 --- [    Test worker] o.h.h.i.QueryTranslatorFactoryInitiator  : HHH000397: Using ASTQueryTranslatorFactory
2021-06-21 17:03:44.855  WARN 182888 --- [    Test worker] aWebConfiguration$JpaWebMvcConfiguration : spring.jpa.open-in-view is enabled by default. Therefore, database queries may be performed during view rendering. Explicitly configure spring.jpa.open-in-view to disable this warning
2021-06-21 17:03:45.119  INFO 182888 --- [    Test worker] pertySourcedRequestMappingHandlerMapping : Mapped URL path [/v2/api-docs] onto method [public org.springframework.http.ResponseEntity<springfox.documentation.spring.web.json.Json> springfox.documentation.swagger2.web.Swagger2Controller.getDocumentation(java.lang.String,javax.servlet.http.HttpServletRequest)]
2021-06-21 17:03:45.438  INFO 182888 --- [    Test worker] o.s.s.web.DefaultSecurityFilterChain     : Creating filter chain: any request, [org.springframework.security.web.context.request.async.WebAsyncManagerIntegrationFilter@160c123, org.springframework.security.web.context.SecurityContextPersistenceFilter@af8203, org.springframework.security.web.header.HeaderWriterFilter@1d21320, org.springframework.security.web.authentication.logout.LogoutFilter@6b095e, org.springframework.security.oauth2.client.web.OAuth2AuthorizationRequestRedirectFilter@1c8afe2, org.springframework.security.oauth2.client.web.OAuth2LoginAuthenticationFilter@cecbfb, org.springframework.security.web.authentication.ui.DefaultLoginPageGeneratingFilter@242683, org.springframework.security.web.authentication.ui.DefaultLogoutPageGeneratingFilter@1e1bca9, org.springframework.security.web.savedrequest.RequestCacheAwareFilter@1928412, org.springframework.security.web.servletapi.SecurityContextHolderAwareRequestFilter@a6c4d3, org.springframework.security.web.authentication.AnonymousAuthenticationFilter@1dea388, org.springframework.security.web.session.SessionManagementFilter@c655d9, org.springframework.security.web.access.ExceptionTranslationFilter@13949e5, org.springframework.security.web.access.intercept.FilterSecurityInterceptor@f0b85]
2021-06-21 17:03:45.893  INFO 182888 --- [    Test worker] o.s.s.concurrent.ThreadPoolTaskExecutor  : Initializing ExecutorService 'applicationTaskExecutor'
2021-06-21 17:03:45.920  INFO 182888 --- [    Test worker] o.s.b.a.w.s.WelcomePageHandlerMapping    : Adding welcome page template: index
2021-06-21 17:03:46.662  INFO 182888 --- [    Test worker] d.s.w.p.DocumentationPluginsBootstrapper : Context refreshed
2021-06-21 17:03:46.663  INFO 182888 --- [    Test worker] d.s.w.p.DocumentationPluginsBootstrapper : Found 1 custom documentation plugin(s)
2021-06-21 17:03:46.673  INFO 182888 --- [    Test worker] s.d.s.w.s.ApiListingReferenceScanner     : Scanning for api listing references
2021-06-21 17:03:46.719  INFO 182888 --- [    Test worker] s.a.ScheduledAnnotationBeanPostProcessor : No TaskScheduler/ScheduledExecutorService bean found for scheduled processing
2021-06-21 17:03:46.721  INFO 182888 --- [    Test worker] c.h.m.s.domain.ApartsRepositoryTest      : Started ApartsRepositoryTest in 3.951 seconds (JVM running for 21.834)
Hibernate: select aparts0_.id as id1_0_0_, aparts0_.created_date as created_2_0_0_, aparts0_.modified_date as modified3_0_0_, aparts0_.dong as dong4_0_0_, aparts0_.ho as ho5_0_0_ from aparts aparts0_ where aparts0_.id=?
Hibernate: select aparts0_.id as id1_0_, aparts0_.created_date as created_2_0_, aparts0_.modified_date as modified3_0_, aparts0_.dong as dong4_0_, aparts0_.ho as ho5_0_ from aparts aparts0_ where aparts0_.dong=? and aparts0_.ho=?
Hibernate: select aparts0_.id as id1_0_, aparts0_.created_date as created_2_0_, aparts0_.modified_date as modified3_0_, aparts0_.dong as dong4_0_, aparts0_.ho as ho5_0_ from aparts aparts0_
Hibernate: delete from aparts where id=?
Hibernate: delete from aparts where id=?
Hibernate: delete from aparts where id=?
Hibernate: delete from aparts where id=?
Hibernate: delete from aparts where id=?
Hibernate: delete from aparts where id=?
Hibernate: delete from aparts where id=?
Hibernate: delete from aparts where id=?
Hibernate: delete from aparts where id=?
Hibernate: delete from aparts where id=?
Hibernate: delete from aparts where id=?
Hibernate: delete from aparts where id=?
Hibernate: delete from aparts where id=?
Hibernate: delete from aparts where id=?
Hibernate: delete from aparts where id=?
Hibernate: delete from aparts where id=?
]]></system-out>
  <system-err><![CDATA[]]></system-err>
</testsuite>
