<?xml version="1.0" encoding="UTF-8"?>
<testsuite name="com.hadoyaji.movereservation.springboot.web.indexControllerTest" tests="1" skipped="0" failures="0" errors="0" timestamp="2021-06-21T08:03:46" hostname="DESKTOP-HN3UIKG" time="0.278">
  <properties/>
  <testcase name="메인화면_로딩" classname="com.hadoyaji.movereservation.springboot.web.indexControllerTest" time="0.278"/>
  <system-out><![CDATA[2021-06-21 17:03:46.854  INFO 182888 --- [    Test worker] .b.t.c.SpringBootTestContextBootstrapper : Neither @ContextConfiguration nor @ContextHierarchy found for test class [com.hadoyaji.movereservation.springboot.web.indexControllerTest], using SpringBootContextLoader
2021-06-21 17:03:46.856  INFO 182888 --- [    Test worker] o.s.t.c.support.AbstractContextLoader    : Could not detect default resource locations for test class [com.hadoyaji.movereservation.springboot.web.indexControllerTest]: no resource found for suffixes {-context.xml, Context.groovy}.
2021-06-21 17:03:46.856  INFO 182888 --- [    Test worker] t.c.s.AnnotationConfigContextLoaderUtils : Could not detect default configuration classes for test class [com.hadoyaji.movereservation.springboot.web.indexControllerTest]: indexControllerTest does not declare any static, non-private, non-final, nested classes annotated with @Configuration.
2021-06-21 17:03:46.859  INFO 182888 --- [    Test worker] .b.t.c.SpringBootTestContextBootstrapper : Found @SpringBootConfiguration com.hadoyaji.movereservation.springboot.Application for test class com.hadoyaji.movereservation.springboot.web.indexControllerTest
2021-06-21 17:03:46.860  INFO 182888 --- [    Test worker] .b.t.c.SpringBootTestContextBootstrapper : Loaded default TestExecutionListener class names from location [META-INF/spring.factories]: [org.springframework.security.test.context.support.WithSecurityContextTestExecutionListener, org.springframework.security.test.context.support.ReactorContextTestExecutionListener, org.springframework.boot.test.autoconfigure.restdocs.RestDocsTestExecutionListener, org.springframework.boot.test.autoconfigure.web.client.MockRestServiceServerResetTestExecutionListener, org.springframework.boot.test.autoconfigure.web.servlet.MockMvcPrintOnlyOnFailureTestExecutionListener, org.springframework.boot.test.autoconfigure.web.servlet.WebDriverTestExecutionListener, org.springframework.boot.test.mock.mockito.MockitoTestExecutionListener, org.springframework.boot.test.mock.mockito.ResetMocksTestExecutionListener, org.springframework.test.context.web.ServletTestExecutionListener, org.springframework.test.context.support.DirtiesContextBeforeModesTestExecutionListener, org.springframework.test.context.support.DependencyInjectionTestExecutionListener, org.springframework.test.context.support.DirtiesContextTestExecutionListener, org.springframework.test.context.transaction.TransactionalTestExecutionListener, org.springframework.test.context.jdbc.SqlScriptsTestExecutionListener]
2021-06-21 17:03:46.870  INFO 182888 --- [    Test worker] .b.t.c.SpringBootTestContextBootstrapper : Using TestExecutionListeners: [org.springframework.test.context.web.ServletTestExecutionListener@289c97, org.springframework.test.context.support.DirtiesContextBeforeModesTestExecutionListener@1838f20, org.springframework.boot.test.mock.mockito.MockitoTestExecutionListener@1ffed3e, org.springframework.boot.test.autoconfigure.SpringBootDependencyInjectionTestExecutionListener@d6868c, org.springframework.test.context.support.DirtiesContextTestExecutionListener@3475a5, org.springframework.test.context.transaction.TransactionalTestExecutionListener@1b51e4c, org.springframework.test.context.jdbc.SqlScriptsTestExecutionListener@1b98459, org.springframework.security.test.context.support.WithSecurityContextTestExecutionListener@1338244, org.springframework.security.test.context.support.ReactorContextTestExecutionListener@fb49da, org.springframework.boot.test.autoconfigure.restdocs.RestDocsTestExecutionListener@19d75b7, org.springframework.boot.test.autoconfigure.web.client.MockRestServiceServerResetTestExecutionListener@d9a3d1, org.springframework.boot.test.autoconfigure.web.servlet.MockMvcPrintOnlyOnFailureTestExecutionListener@11f3aac, org.springframework.boot.test.autoconfigure.web.servlet.WebDriverTestExecutionListener@15a108c, org.springframework.boot.test.mock.mockito.ResetMocksTestExecutionListener@18af59d]
2021-06-21 17:03:47.033  INFO 182888 --- [o-auto-1-exec-1] o.a.c.c.C.[Tomcat].[localhost].[/]       : Initializing Spring DispatcherServlet 'dispatcherServlet'
2021-06-21 17:03:47.033  INFO 182888 --- [o-auto-1-exec-1] o.s.web.servlet.DispatcherServlet        : Initializing Servlet 'dispatcherServlet'
2021-06-21 17:03:47.038  INFO 182888 --- [o-auto-1-exec-1] o.s.web.servlet.DispatcherServlet        : Completed initialization in 5 ms
Hibernate: select reservatio0_.id as id1_1_, reservatio0_.created_date as created_2_1_, reservatio0_.modified_date as modified3_1_, reservatio0_.apart_id as apart_id7_1_, reservatio0_.cancel_reason as cancel_r4_1_, reservatio0_.move_date as move_dat5_1_, reservatio0_.reservation_yn as reservat6_1_, reservatio0_.user_id as user_id8_1_ from reservations reservatio0_ order by reservatio0_.id DESC
]]></system-out>
  <system-err><![CDATA[]]></system-err>
</testsuite>
