<?xml version="1.0" encoding="UTF-8"?>
<testsuite name="com.hadoyaji.movereservation.springboot.web.ReservationsApiControllerTest" tests="2" skipped="0" failures="0" errors="0" timestamp="2021-06-17T16:10:17" hostname="DESKTOP-HN3UIKG" time="0.308">
  <properties/>
  <testcase name="Reservations_예약처리" classname="com.hadoyaji.movereservation.springboot.web.ReservationsApiControllerTest" time="0.251"/>
  <testcase name="Reservations_취소처리" classname="com.hadoyaji.movereservation.springboot.web.ReservationsApiControllerTest" time="0.056"/>
  <system-out><![CDATA[2021-06-18 01:10:17.280  INFO 114248 --- [    Test worker] .b.t.c.SpringBootTestContextBootstrapper : Neither @ContextConfiguration nor @ContextHierarchy found for test class [com.hadoyaji.movereservation.springboot.web.ReservationsApiControllerTest], using SpringBootContextLoader
2021-06-18 01:10:17.281  INFO 114248 --- [    Test worker] o.s.t.c.support.AbstractContextLoader    : Could not detect default resource locations for test class [com.hadoyaji.movereservation.springboot.web.ReservationsApiControllerTest]: no resource found for suffixes {-context.xml, Context.groovy}.
2021-06-18 01:10:17.282  INFO 114248 --- [    Test worker] t.c.s.AnnotationConfigContextLoaderUtils : Could not detect default configuration classes for test class [com.hadoyaji.movereservation.springboot.web.ReservationsApiControllerTest]: ReservationsApiControllerTest does not declare any static, non-private, non-final, nested classes annotated with @Configuration.
2021-06-18 01:10:17.284  INFO 114248 --- [    Test worker] .b.t.c.SpringBootTestContextBootstrapper : Found @SpringBootConfiguration com.hadoyaji.movereservation.springboot.Application for test class com.hadoyaji.movereservation.springboot.web.ReservationsApiControllerTest
2021-06-18 01:10:17.286  INFO 114248 --- [    Test worker] .b.t.c.SpringBootTestContextBootstrapper : Loaded default TestExecutionListener class names from location [META-INF/spring.factories]: [org.springframework.boot.test.autoconfigure.restdocs.RestDocsTestExecutionListener, org.springframework.boot.test.autoconfigure.web.client.MockRestServiceServerResetTestExecutionListener, org.springframework.boot.test.autoconfigure.web.servlet.MockMvcPrintOnlyOnFailureTestExecutionListener, org.springframework.boot.test.autoconfigure.web.servlet.WebDriverTestExecutionListener, org.springframework.boot.test.mock.mockito.MockitoTestExecutionListener, org.springframework.boot.test.mock.mockito.ResetMocksTestExecutionListener, org.springframework.test.context.web.ServletTestExecutionListener, org.springframework.test.context.support.DirtiesContextBeforeModesTestExecutionListener, org.springframework.test.context.support.DependencyInjectionTestExecutionListener, org.springframework.test.context.support.DirtiesContextTestExecutionListener, org.springframework.test.context.transaction.TransactionalTestExecutionListener, org.springframework.test.context.jdbc.SqlScriptsTestExecutionListener]
2021-06-18 01:10:17.287  INFO 114248 --- [    Test worker] .b.t.c.SpringBootTestContextBootstrapper : Using TestExecutionListeners: [org.springframework.test.context.web.ServletTestExecutionListener@1022ddd, org.springframework.test.context.support.DirtiesContextBeforeModesTestExecutionListener@19ac018, org.springframework.boot.test.mock.mockito.MockitoTestExecutionListener@c73eab, org.springframework.boot.test.autoconfigure.SpringBootDependencyInjectionTestExecutionListener@18f6e03, org.springframework.test.context.support.DirtiesContextTestExecutionListener@1afc3aa, org.springframework.test.context.transaction.TransactionalTestExecutionListener@ec5487, org.springframework.test.context.jdbc.SqlScriptsTestExecutionListener@1051657, org.springframework.boot.test.autoconfigure.restdocs.RestDocsTestExecutionListener@1a49242, org.springframework.boot.test.autoconfigure.web.client.MockRestServiceServerResetTestExecutionListener@1b5cf, org.springframework.boot.test.autoconfigure.web.servlet.MockMvcPrintOnlyOnFailureTestExecutionListener@9b9564, org.springframework.boot.test.autoconfigure.web.servlet.WebDriverTestExecutionListener@16f928e, org.springframework.boot.test.mock.mockito.ResetMocksTestExecutionListener@483023]
Hibernate: insert into reservations (created_date, modified_date, apart_id, cancel_reason, move_date, reservation_yn, user_id) values (?, ?, ?, ?, ?, ?, ?)
Hibernate: select reservatio0_.id as id1_1_, reservatio0_.created_date as created_2_1_, reservatio0_.modified_date as modified3_1_, reservatio0_.apart_id as apart_id7_1_, reservatio0_.cancel_reason as cancel_r4_1_, reservatio0_.move_date as move_dat5_1_, reservatio0_.reservation_yn as reservat6_1_, reservatio0_.user_id as user_id8_1_ from reservations reservatio0_
Hibernate: select reservatio0_.id as id1_1_, reservatio0_.created_date as created_2_1_, reservatio0_.modified_date as modified3_1_, reservatio0_.apart_id as apart_id7_1_, reservatio0_.cancel_reason as cancel_r4_1_, reservatio0_.move_date as move_dat5_1_, reservatio0_.reservation_yn as reservat6_1_, reservatio0_.user_id as user_id8_1_ from reservations reservatio0_
Hibernate: delete from reservations where id=?
Hibernate: insert into reservations (created_date, modified_date, apart_id, cancel_reason, move_date, reservation_yn, user_id) values (?, ?, ?, ?, ?, ?, ?)
Hibernate: select reservatio0_.id as id1_1_0_, reservatio0_.created_date as created_2_1_0_, reservatio0_.modified_date as modified3_1_0_, reservatio0_.apart_id as apart_id7_1_0_, reservatio0_.cancel_reason as cancel_r4_1_0_, reservatio0_.move_date as move_dat5_1_0_, reservatio0_.reservation_yn as reservat6_1_0_, reservatio0_.user_id as user_id8_1_0_ from reservations reservatio0_ where reservatio0_.id=?
Hibernate: update reservations set created_date=?, modified_date=?, apart_id=?, cancel_reason=?, move_date=?, reservation_yn=?, user_id=? where id=?
Hibernate: select reservatio0_.id as id1_1_, reservatio0_.created_date as created_2_1_, reservatio0_.modified_date as modified3_1_, reservatio0_.apart_id as apart_id7_1_, reservatio0_.cancel_reason as cancel_r4_1_, reservatio0_.move_date as move_dat5_1_, reservatio0_.reservation_yn as reservat6_1_, reservatio0_.user_id as user_id8_1_ from reservations reservatio0_
Hibernate: select reservatio0_.id as id1_1_, reservatio0_.created_date as created_2_1_, reservatio0_.modified_date as modified3_1_, reservatio0_.apart_id as apart_id7_1_, reservatio0_.cancel_reason as cancel_r4_1_, reservatio0_.move_date as move_dat5_1_, reservatio0_.reservation_yn as reservat6_1_, reservatio0_.user_id as user_id8_1_ from reservations reservatio0_
Hibernate: delete from reservations where id=?
]]></system-out>
  <system-err><![CDATA[]]></system-err>
</testsuite>
